{"/home/julio/Documents/Codigo/libs/js-mui-inputs/src/components/Button/Button.tsx": {"path":"/home/julio/Documents/Codigo/libs/js-mui-inputs/src/components/Button/Button.tsx","all":false,"statementMap":{"0":{"start":{"line":1,"column":0},"end":{"line":1,"column":30}},"1":{"start":{"line":2,"column":0},"end":{"line":2,"column":39}},"2":{"start":{"line":3,"column":0},"end":{"line":3,"column":0}},"3":{"start":{"line":4,"column":0},"end":{"line":4,"column":42}},"4":{"start":{"line":5,"column":0},"end":{"line":5,"column":0}},"5":{"start":{"line":6,"column":0},"end":{"line":6,"column":48}},"6":{"start":{"line":7,"column":0},"end":{"line":7,"column":14}},"7":{"start":{"line":8,"column":0},"end":{"line":8,"column":19}},"8":{"start":{"line":9,"column":0},"end":{"line":9,"column":20}},"9":{"start":{"line":10,"column":0},"end":{"line":10,"column":20}},"10":{"start":{"line":11,"column":0},"end":{"line":11,"column":21}},"11":{"start":{"line":12,"column":0},"end":{"line":12,"column":22}},"12":{"start":{"line":13,"column":0},"end":{"line":13,"column":23}},"13":{"start":{"line":14,"column":0},"end":{"line":14,"column":26}},"14":{"start":{"line":15,"column":0},"end":{"line":15,"column":129}},"15":{"start":{"line":16,"column":0},"end":{"line":16,"column":58}},"16":{"start":{"line":17,"column":0},"end":{"line":17,"column":70}},"17":{"start":{"line":18,"column":0},"end":{"line":18,"column":50}},"18":{"start":{"line":19,"column":0},"end":{"line":19,"column":13}},"19":{"start":{"line":20,"column":0},"end":{"line":20,"column":72}},"20":{"start":{"line":21,"column":0},"end":{"line":21,"column":5}},"21":{"start":{"line":22,"column":0},"end":{"line":22,"column":14}},"22":{"start":{"line":23,"column":0},"end":{"line":23,"column":34}},"23":{"start":{"line":24,"column":0},"end":{"line":24,"column":132}},"24":{"start":{"line":25,"column":0},"end":{"line":25,"column":5}},"25":{"start":{"line":26,"column":0},"end":{"line":26,"column":2}},"26":{"start":{"line":27,"column":0},"end":{"line":27,"column":0}},"27":{"start":{"line":28,"column":0},"end":{"line":28,"column":89}},"28":{"start":{"line":29,"column":0},"end":{"line":29,"column":12}},"29":{"start":{"line":30,"column":0},"end":{"line":30,"column":115}},"30":{"start":{"line":31,"column":0},"end":{"line":31,"column":18}},"31":{"start":{"line":32,"column":0},"end":{"line":32,"column":23}},"32":{"start":{"line":33,"column":0},"end":{"line":33,"column":5}},"33":{"start":{"line":34,"column":0},"end":{"line":34,"column":1}},"34":{"start":{"line":35,"column":0},"end":{"line":35,"column":0}},"35":{"start":{"line":36,"column":0},"end":{"line":36,"column":22}}},"s":{"0":1,"1":1,"2":1,"3":1,"4":1,"5":1,"6":1,"7":1,"8":1,"9":1,"10":1,"11":1,"12":1,"13":1,"14":1,"15":1,"16":1,"17":1,"18":1,"19":1,"20":1,"21":1,"22":1,"23":1,"24":1,"25":1,"26":1,"27":1,"28":1,"29":1,"30":1,"31":1,"32":1,"33":1,"34":1,"35":1},"branchMap":{"0":{"type":"branch","line":15,"loc":{"start":{"line":15,"column":15},"end":{"line":15,"column":127}},"locations":[{"start":{"line":15,"column":15},"end":{"line":15,"column":127}}]},"1":{"type":"branch","line":15,"loc":{"start":{"line":15,"column":46},"end":{"line":15,"column":62}},"locations":[{"start":{"line":15,"column":46},"end":{"line":15,"column":62}}]},"2":{"type":"branch","line":15,"loc":{"start":{"line":15,"column":89},"end":{"line":15,"column":106}},"locations":[{"start":{"line":15,"column":89},"end":{"line":15,"column":106}}]},"3":{"type":"branch","line":16,"loc":{"start":{"line":16,"column":13},"end":{"line":16,"column":56}},"locations":[{"start":{"line":16,"column":13},"end":{"line":16,"column":56}}]},"4":{"type":"branch","line":16,"loc":{"start":{"line":16,"column":35},"end":{"line":16,"column":46}},"locations":[{"start":{"line":16,"column":35},"end":{"line":16,"column":46}}]},"5":{"type":"branch","line":17,"loc":{"start":{"line":17,"column":24},"end":{"line":17,"column":68}},"locations":[{"start":{"line":17,"column":24},"end":{"line":17,"column":68}}]},"6":{"type":"branch","line":17,"loc":{"start":{"line":17,"column":47},"end":{"line":17,"column":58}},"locations":[{"start":{"line":17,"column":47},"end":{"line":17,"column":58}}]},"7":{"type":"branch","line":18,"loc":{"start":{"line":18,"column":15},"end":{"line":18,"column":48}},"locations":[{"start":{"line":18,"column":15},"end":{"line":18,"column":48}}]},"8":{"type":"branch","line":18,"loc":{"start":{"line":18,"column":45},"end":{"line":18,"column":48}},"locations":[{"start":{"line":18,"column":45},"end":{"line":18,"column":48}}]},"9":{"type":"branch","line":20,"loc":{"start":{"line":20,"column":26},"end":{"line":20,"column":70}},"locations":[{"start":{"line":20,"column":26},"end":{"line":20,"column":70}}]},"10":{"type":"branch","line":20,"loc":{"start":{"line":20,"column":49},"end":{"line":20,"column":60}},"locations":[{"start":{"line":20,"column":49},"end":{"line":20,"column":60}}]},"11":{"type":"branch","line":24,"loc":{"start":{"line":24,"column":19},"end":{"line":24,"column":130}},"locations":[{"start":{"line":24,"column":19},"end":{"line":24,"column":130}}]},"12":{"type":"branch","line":24,"loc":{"start":{"line":24,"column":50},"end":{"line":24,"column":66}},"locations":[{"start":{"line":24,"column":50},"end":{"line":24,"column":66}}]},"13":{"type":"branch","line":24,"loc":{"start":{"line":24,"column":93},"end":{"line":24,"column":109}},"locations":[{"start":{"line":24,"column":93},"end":{"line":24,"column":109}}]},"14":{"type":"branch","line":28,"loc":{"start":{"line":28,"column":32},"end":{"line":34,"column":1}},"locations":[{"start":{"line":28,"column":32},"end":{"line":34,"column":1}}]}},"b":{"0":[1],"1":[0],"2":[0],"3":[1],"4":[0],"5":[1],"6":[0],"7":[1],"8":[0],"9":[1],"10":[0],"11":[1],"12":[0],"13":[0],"14":[1]},"fnMap":{"0":{"name":"Object.<anonymous>.Button.size.size","decl":{"start":{"line":15,"column":15},"end":{"line":15,"column":127}},"loc":{"start":{"line":15,"column":15},"end":{"line":15,"column":127}},"line":15},"1":{"name":"Object.<anonymous>.Button.size.size","decl":{"start":{"line":16,"column":13},"end":{"line":16,"column":56}},"loc":{"start":{"line":16,"column":13},"end":{"line":16,"column":56}},"line":16},"2":{"name":"Object.<anonymous>.Button.size.size","decl":{"start":{"line":17,"column":24},"end":{"line":17,"column":68}},"loc":{"start":{"line":17,"column":24},"end":{"line":17,"column":68}},"line":17},"3":{"name":"Object.<anonymous>.Button.size.size","decl":{"start":{"line":18,"column":15},"end":{"line":18,"column":48}},"loc":{"start":{"line":18,"column":15},"end":{"line":18,"column":48}},"line":18},"4":{"name":"Object.<anonymous>.Button.size.size","decl":{"start":{"line":20,"column":26},"end":{"line":20,"column":70}},"loc":{"start":{"line":20,"column":26},"end":{"line":20,"column":70}},"line":20},"5":{"name":"Button","decl":{"start":{"line":28,"column":32},"end":{"line":34,"column":1}},"loc":{"start":{"line":28,"column":32},"end":{"line":34,"column":1}},"line":28}},"f":{"0":1,"1":1,"2":1,"3":1,"4":1,"5":1}}
,"/home/julio/Documents/Codigo/libs/js-mui-inputs/src/components/Input/Input.tsx": {"path":"/home/julio/Documents/Codigo/libs/js-mui-inputs/src/components/Input/Input.tsx","all":false,"statementMap":{"0":{"start":{"line":1,"column":0},"end":{"line":1,"column":42}},"1":{"start":{"line":2,"column":0},"end":{"line":2,"column":39}},"2":{"start":{"line":3,"column":0},"end":{"line":3,"column":42}},"3":{"start":{"line":4,"column":0},"end":{"line":4,"column":0}},"4":{"start":{"line":5,"column":0},"end":{"line":5,"column":45}},"5":{"start":{"line":6,"column":0},"end":{"line":6,"column":17}},"6":{"start":{"line":7,"column":0},"end":{"line":7,"column":17}},"7":{"start":{"line":8,"column":0},"end":{"line":8,"column":23}},"8":{"start":{"line":9,"column":0},"end":{"line":9,"column":128}},"9":{"start":{"line":10,"column":0},"end":{"line":10,"column":27}},"10":{"start":{"line":11,"column":0},"end":{"line":11,"column":12}},"11":{"start":{"line":12,"column":0},"end":{"line":12,"column":32}},"12":{"start":{"line":13,"column":0},"end":{"line":13,"column":5}},"13":{"start":{"line":14,"column":0},"end":{"line":14,"column":2}},"14":{"start":{"line":15,"column":0},"end":{"line":15,"column":0}},"15":{"start":{"line":16,"column":0},"end":{"line":16,"column":43}},"16":{"start":{"line":17,"column":0},"end":{"line":17,"column":19}},"17":{"start":{"line":18,"column":0},"end":{"line":18,"column":61}},"18":{"start":{"line":19,"column":0},"end":{"line":19,"column":23}},"19":{"start":{"line":20,"column":0},"end":{"line":20,"column":2}},"20":{"start":{"line":21,"column":0},"end":{"line":21,"column":0}},"21":{"start":{"line":22,"column":0},"end":{"line":22,"column":45}},"22":{"start":{"line":23,"column":0},"end":{"line":23,"column":19}},"23":{"start":{"line":24,"column":0},"end":{"line":24,"column":19}},"24":{"start":{"line":25,"column":0},"end":{"line":25,"column":20}},"25":{"start":{"line":26,"column":0},"end":{"line":26,"column":2}},"26":{"start":{"line":27,"column":0},"end":{"line":27,"column":0}},"27":{"start":{"line":28,"column":0},"end":{"line":28,"column":40}},"28":{"start":{"line":29,"column":0},"end":{"line":29,"column":15}},"29":{"start":{"line":30,"column":0},"end":{"line":30,"column":88}},"30":{"start":{"line":31,"column":0},"end":{"line":31,"column":2}},"31":{"start":{"line":32,"column":0},"end":{"line":32,"column":0}},"32":{"start":{"line":33,"column":0},"end":{"line":33,"column":116}},"33":{"start":{"line":34,"column":0},"end":{"line":34,"column":12}},"34":{"start":{"line":35,"column":0},"end":{"line":35,"column":16}},"35":{"start":{"line":36,"column":0},"end":{"line":36,"column":101}},"36":{"start":{"line":37,"column":0},"end":{"line":37,"column":164}},"37":{"start":{"line":38,"column":0},"end":{"line":38,"column":87}},"38":{"start":{"line":39,"column":0},"end":{"line":39,"column":17}},"39":{"start":{"line":40,"column":0},"end":{"line":40,"column":5}},"40":{"start":{"line":41,"column":0},"end":{"line":41,"column":1}},"41":{"start":{"line":42,"column":0},"end":{"line":42,"column":0}},"42":{"start":{"line":43,"column":0},"end":{"line":43,"column":21}}},"s":{"0":1,"1":1,"2":1,"3":1,"4":1,"5":1,"6":1,"7":1,"8":1,"9":1,"10":1,"11":1,"12":1,"13":1,"14":1,"15":1,"16":1,"17":1,"18":1,"19":1,"20":1,"21":1,"22":1,"23":1,"24":1,"25":1,"26":1,"27":1,"28":1,"29":1,"30":1,"31":1,"32":1,"33":2,"34":2,"35":2,"36":2,"37":2,"38":2,"39":2,"40":2,"41":1,"42":1},"branchMap":{"0":{"type":"branch","line":9,"loc":{"start":{"line":9,"column":24},"end":{"line":9,"column":126}},"locations":[{"start":{"line":9,"column":24},"end":{"line":9,"column":126}}]},"1":{"type":"branch","line":9,"loc":{"start":{"line":9,"column":48},"end":{"line":9,"column":59}},"locations":[{"start":{"line":9,"column":48},"end":{"line":9,"column":59}}]},"2":{"type":"branch","line":9,"loc":{"start":{"line":9,"column":74},"end":{"line":9,"column":85}},"locations":[{"start":{"line":9,"column":74},"end":{"line":9,"column":85}}]},"3":{"type":"branch","line":9,"loc":{"start":{"line":9,"column":101},"end":{"line":9,"column":112}},"locations":[{"start":{"line":9,"column":101},"end":{"line":9,"column":112}}]},"4":{"type":"branch","line":18,"loc":{"start":{"line":18,"column":12},"end":{"line":18,"column":59}},"locations":[{"start":{"line":18,"column":12},"end":{"line":18,"column":59}}]},"5":{"type":"branch","line":18,"loc":{"start":{"line":18,"column":36},"end":{"line":18,"column":47}},"locations":[{"start":{"line":18,"column":36},"end":{"line":18,"column":47}}]},"6":{"type":"branch","line":30,"loc":{"start":{"line":30,"column":12},"end":{"line":30,"column":86}},"locations":[{"start":{"line":30,"column":12},"end":{"line":30,"column":86}}]},"7":{"type":"branch","line":30,"loc":{"start":{"line":30,"column":36},"end":{"line":30,"column":47}},"locations":[{"start":{"line":30,"column":36},"end":{"line":30,"column":47}}]},"8":{"type":"branch","line":30,"loc":{"start":{"line":30,"column":63},"end":{"line":30,"column":74}},"locations":[{"start":{"line":30,"column":63},"end":{"line":30,"column":74}}]},"9":{"type":"branch","line":33,"loc":{"start":{"line":33,"column":30},"end":{"line":41,"column":1}},"locations":[{"start":{"line":33,"column":30},"end":{"line":41,"column":1}}]}},"b":{"0":[2],"1":[0],"2":[0],"3":[0],"4":[2],"5":[0],"6":[4],"7":[0],"8":[0],"9":[2]},"fnMap":{"0":{"name":"Input","decl":{"start":{"line":33,"column":30},"end":{"line":41,"column":1}},"loc":{"start":{"line":33,"column":30},"end":{"line":41,"column":1}},"line":33}},"f":{"0":2}}
,"/home/julio/Documents/Codigo/libs/js-mui-inputs/src/components/JSTextField/JSTextField.tsx": {"path":"/home/julio/Documents/Codigo/libs/js-mui-inputs/src/components/JSTextField/JSTextField.tsx","all":false,"statementMap":{"0":{"start":{"line":1,"column":0},"end":{"line":1,"column":103}},"1":{"start":{"line":2,"column":0},"end":{"line":2,"column":38}},"2":{"start":{"line":3,"column":0},"end":{"line":3,"column":34}},"3":{"start":{"line":4,"column":0},"end":{"line":4,"column":56}},"4":{"start":{"line":5,"column":0},"end":{"line":5,"column":51}},"5":{"start":{"line":6,"column":0},"end":{"line":6,"column":54}},"6":{"start":{"line":7,"column":0},"end":{"line":7,"column":0}},"7":{"start":{"line":8,"column":0},"end":{"line":8,"column":45}},"8":{"start":{"line":9,"column":0},"end":{"line":9,"column":59}},"9":{"start":{"line":10,"column":0},"end":{"line":10,"column":12}},"10":{"start":{"line":11,"column":0},"end":{"line":11,"column":12}},"11":{"start":{"line":12,"column":0},"end":{"line":12,"column":16}},"12":{"start":{"line":13,"column":0},"end":{"line":13,"column":21}},"13":{"start":{"line":14,"column":0},"end":{"line":14,"column":14}},"14":{"start":{"line":15,"column":0},"end":{"line":15,"column":15}},"15":{"start":{"line":16,"column":0},"end":{"line":16,"column":20}},"16":{"start":{"line":17,"column":0},"end":{"line":17,"column":17}},"17":{"start":{"line":18,"column":0},"end":{"line":18,"column":17}},"18":{"start":{"line":19,"column":0},"end":{"line":19,"column":14}},"19":{"start":{"line":20,"column":0},"end":{"line":20,"column":13}},"20":{"start":{"line":21,"column":0},"end":{"line":21,"column":14}},"21":{"start":{"line":22,"column":0},"end":{"line":22,"column":26}},"22":{"start":{"line":23,"column":0},"end":{"line":23,"column":29}},"23":{"start":{"line":24,"column":0},"end":{"line":24,"column":23}},"24":{"start":{"line":25,"column":0},"end":{"line":25,"column":21}},"25":{"start":{"line":26,"column":0},"end":{"line":26,"column":25}},"26":{"start":{"line":27,"column":0},"end":{"line":27,"column":14}},"27":{"start":{"line":28,"column":0},"end":{"line":28,"column":0}},"28":{"start":{"line":29,"column":0},"end":{"line":29,"column":55}},"29":{"start":{"line":30,"column":0},"end":{"line":30,"column":59}},"30":{"start":{"line":31,"column":0},"end":{"line":31,"column":51}},"31":{"start":{"line":32,"column":0},"end":{"line":32,"column":0}},"32":{"start":{"line":33,"column":0},"end":{"line":33,"column":56}},"33":{"start":{"line":34,"column":0},"end":{"line":34,"column":45}},"34":{"start":{"line":35,"column":0},"end":{"line":35,"column":5}},"35":{"start":{"line":36,"column":0},"end":{"line":36,"column":4}},"36":{"start":{"line":37,"column":0},"end":{"line":37,"column":52}},"37":{"start":{"line":38,"column":0},"end":{"line":38,"column":25}},"38":{"start":{"line":39,"column":0},"end":{"line":39,"column":46}},"39":{"start":{"line":40,"column":0},"end":{"line":40,"column":32}},"40":{"start":{"line":41,"column":0},"end":{"line":41,"column":72}},"41":{"start":{"line":42,"column":0},"end":{"line":42,"column":9}},"42":{"start":{"line":43,"column":0},"end":{"line":43,"column":0}},"43":{"start":{"line":44,"column":0},"end":{"line":44,"column":37}},"44":{"start":{"line":45,"column":0},"end":{"line":45,"column":0}},"45":{"start":{"line":46,"column":0},"end":{"line":46,"column":137}},"46":{"start":{"line":47,"column":0},"end":{"line":47,"column":108}},"47":{"start":{"line":48,"column":0},"end":{"line":48,"column":0}},"48":{"start":{"line":49,"column":0},"end":{"line":49,"column":83}},"49":{"start":{"line":50,"column":0},"end":{"line":50,"column":0}},"50":{"start":{"line":51,"column":0},"end":{"line":51,"column":29}},"51":{"start":{"line":52,"column":0},"end":{"line":52,"column":27}},"52":{"start":{"line":53,"column":0},"end":{"line":53,"column":5}},"53":{"start":{"line":54,"column":0},"end":{"line":54,"column":0}},"54":{"start":{"line":55,"column":0},"end":{"line":55,"column":21}},"55":{"start":{"line":56,"column":0},"end":{"line":56,"column":51}},"56":{"start":{"line":57,"column":0},"end":{"line":57,"column":15}},"57":{"start":{"line":58,"column":0},"end":{"line":58,"column":0}},"58":{"start":{"line":59,"column":0},"end":{"line":59,"column":21}},"59":{"start":{"line":60,"column":0},"end":{"line":60,"column":51}},"60":{"start":{"line":61,"column":0},"end":{"line":61,"column":46}},"61":{"start":{"line":62,"column":0},"end":{"line":62,"column":9}},"62":{"start":{"line":63,"column":0},"end":{"line":63,"column":21}},"63":{"start":{"line":64,"column":0},"end":{"line":64,"column":4}},"64":{"start":{"line":65,"column":0},"end":{"line":65,"column":21}},"65":{"start":{"line":66,"column":0},"end":{"line":66,"column":20}},"66":{"start":{"line":67,"column":0},"end":{"line":67,"column":46}},"67":{"start":{"line":68,"column":0},"end":{"line":68,"column":9}},"68":{"start":{"line":69,"column":0},"end":{"line":69,"column":15}},"69":{"start":{"line":70,"column":0},"end":{"line":70,"column":0}},"70":{"start":{"line":71,"column":0},"end":{"line":71,"column":92}},"71":{"start":{"line":72,"column":0},"end":{"line":72,"column":17}},"72":{"start":{"line":73,"column":0},"end":{"line":73,"column":29}},"73":{"start":{"line":74,"column":0},"end":{"line":74,"column":65}},"74":{"start":{"line":75,"column":0},"end":{"line":75,"column":17}},"75":{"start":{"line":76,"column":0},"end":{"line":76,"column":30}},"76":{"start":{"line":77,"column":0},"end":{"line":77,"column":27}},"77":{"start":{"line":78,"column":0},"end":{"line":78,"column":33}},"78":{"start":{"line":79,"column":0},"end":{"line":79,"column":39}},"79":{"start":{"line":80,"column":0},"end":{"line":80,"column":74}},"80":{"start":{"line":81,"column":0},"end":{"line":81,"column":34}},"81":{"start":{"line":82,"column":0},"end":{"line":82,"column":39}},"82":{"start":{"line":83,"column":0},"end":{"line":83,"column":33}},"83":{"start":{"line":84,"column":0},"end":{"line":84,"column":36}},"84":{"start":{"line":85,"column":0},"end":{"line":85,"column":43}},"85":{"start":{"line":86,"column":0},"end":{"line":86,"column":80}},"86":{"start":{"line":87,"column":0},"end":{"line":87,"column":46}},"87":{"start":{"line":88,"column":0},"end":{"line":88,"column":41}},"88":{"start":{"line":89,"column":0},"end":{"line":89,"column":21}},"89":{"start":{"line":90,"column":0},"end":{"line":90,"column":34}},"90":{"start":{"line":91,"column":0},"end":{"line":91,"column":42}},"91":{"start":{"line":92,"column":0},"end":{"line":92,"column":78}},"92":{"start":{"line":93,"column":0},"end":{"line":93,"column":44}},"93":{"start":{"line":94,"column":0},"end":{"line":94,"column":42}},"94":{"start":{"line":95,"column":0},"end":{"line":95,"column":21}},"95":{"start":{"line":96,"column":0},"end":{"line":96,"column":45}},"96":{"start":{"line":97,"column":0},"end":{"line":97,"column":18}},"97":{"start":{"line":98,"column":0},"end":{"line":98,"column":139}},"98":{"start":{"line":99,"column":0},"end":{"line":99,"column":116}},"99":{"start":{"line":100,"column":0},"end":{"line":100,"column":26}},"100":{"start":{"line":101,"column":0},"end":{"line":101,"column":1}},"101":{"start":{"line":102,"column":0},"end":{"line":102,"column":0}},"102":{"start":{"line":103,"column":0},"end":{"line":103,"column":28}},"103":{"start":{"line":104,"column":0},"end":{"line":104,"column":24}},"104":{"start":{"line":105,"column":0},"end":{"line":105,"column":20}},"105":{"start":{"line":106,"column":0},"end":{"line":106,"column":19}},"106":{"start":{"line":107,"column":0},"end":{"line":107,"column":20}},"107":{"start":{"line":108,"column":0},"end":{"line":108,"column":17}},"108":{"start":{"line":109,"column":0},"end":{"line":109,"column":17}},"109":{"start":{"line":110,"column":0},"end":{"line":110,"column":39}},"110":{"start":{"line":111,"column":0},"end":{"line":111,"column":51}},"111":{"start":{"line":112,"column":0},"end":{"line":112,"column":30}},"112":{"start":{"line":113,"column":0},"end":{"line":113,"column":2}},"113":{"start":{"line":114,"column":0},"end":{"line":114,"column":0}},"114":{"start":{"line":115,"column":0},"end":{"line":115,"column":27}}},"s":{"0":1,"1":1,"2":1,"3":1,"4":1,"5":1,"6":1,"7":1,"8":1,"9":15,"10":15,"11":15,"12":15,"13":15,"14":15,"15":15,"16":15,"17":15,"18":15,"19":15,"20":15,"21":15,"22":15,"23":15,"24":15,"25":15,"26":15,"27":15,"28":15,"29":15,"30":15,"31":15,"32":15,"33":0,"34":0,"35":15,"36":15,"37":12,"38":12,"39":12,"40":0,"41":0,"42":12,"43":12,"44":12,"45":12,"46":12,"47":12,"48":12,"49":12,"50":12,"51":12,"52":12,"53":15,"54":15,"55":15,"56":15,"57":15,"58":15,"59":3,"60":0,"61":0,"62":15,"63":15,"64":15,"65":3,"66":0,"67":0,"68":15,"69":15,"70":15,"71":15,"72":15,"73":2,"74":15,"75":15,"76":15,"77":15,"78":15,"79":15,"80":15,"81":15,"82":15,"83":15,"84":15,"85":0,"86":0,"87":15,"88":15,"89":15,"90":15,"91":0,"92":0,"93":15,"94":15,"95":15,"96":15,"97":15,"98":15,"99":15,"100":15,"101":1,"102":1,"103":1,"104":1,"105":1,"106":1,"107":1,"108":1,"109":1,"110":1,"111":1,"112":1,"113":1,"114":1},"branchMap":{"0":{"type":"branch","line":9,"loc":{"start":{"line":9,"column":42},"end":{"line":101,"column":1}},"locations":[{"start":{"line":9,"column":42},"end":{"line":101,"column":1}}]},"1":{"type":"branch","line":71,"loc":{"start":{"line":71,"column":78},"end":{"line":71,"column":80}},"locations":[{"start":{"line":71,"column":78},"end":{"line":71,"column":80}}]},"2":{"type":"branch","line":73,"loc":{"start":{"line":73,"column":25},"end":{"line":74,"column":65}},"locations":[{"start":{"line":73,"column":25},"end":{"line":74,"column":65}}]},"3":{"type":"branch","line":79,"loc":{"start":{"line":79,"column":32},"end":{"line":79,"column":38}},"locations":[{"start":{"line":79,"column":32},"end":{"line":79,"column":38}}]},"4":{"type":"branch","line":85,"loc":{"start":{"line":85,"column":40},"end":{"line":87,"column":46}},"locations":[{"start":{"line":85,"column":40},"end":{"line":87,"column":46}}]},"5":{"type":"branch","line":91,"loc":{"start":{"line":91,"column":39},"end":{"line":93,"column":44}},"locations":[{"start":{"line":91,"column":39},"end":{"line":93,"column":44}}]},"6":{"type":"branch","line":98,"loc":{"start":{"line":98,"column":28},"end":{"line":98,"column":44}},"locations":[{"start":{"line":98,"column":28},"end":{"line":98,"column":44}}]},"7":{"type":"branch","line":98,"loc":{"start":{"line":98,"column":56},"end":{"line":98,"column":58}},"locations":[{"start":{"line":98,"column":56},"end":{"line":98,"column":58}}]},"8":{"type":"branch","line":98,"loc":{"start":{"line":98,"column":88},"end":{"line":98,"column":137}},"locations":[{"start":{"line":98,"column":88},"end":{"line":98,"column":137}}]},"9":{"type":"branch","line":99,"loc":{"start":{"line":99,"column":25},"end":{"line":99,"column":116}},"locations":[{"start":{"line":99,"column":25},"end":{"line":99,"column":116}}]},"10":{"type":"branch","line":99,"loc":{"start":{"line":99,"column":35},"end":{"line":99,"column":37}},"locations":[{"start":{"line":99,"column":35},"end":{"line":99,"column":37}}]},"11":{"type":"branch","line":37,"loc":{"start":{"line":37,"column":33},"end":{"line":53,"column":5}},"locations":[{"start":{"line":37,"column":33},"end":{"line":53,"column":5}}]},"12":{"type":"branch","line":39,"loc":{"start":{"line":39,"column":41},"end":{"line":39,"column":45}},"locations":[{"start":{"line":39,"column":41},"end":{"line":39,"column":45}}]},"13":{"type":"branch","line":40,"loc":{"start":{"line":40,"column":31},"end":{"line":42,"column":9}},"locations":[{"start":{"line":40,"column":31},"end":{"line":42,"column":9}}]},"14":{"type":"branch","line":46,"loc":{"start":{"line":46,"column":20},"end":{"line":46,"column":22}},"locations":[{"start":{"line":46,"column":20},"end":{"line":46,"column":22}}]},"15":{"type":"branch","line":46,"loc":{"start":{"line":46,"column":41},"end":{"line":46,"column":68}},"locations":[{"start":{"line":46,"column":41},"end":{"line":46,"column":68}}]},"16":{"type":"branch","line":46,"loc":{"start":{"line":46,"column":68},"end":{"line":46,"column":89}},"locations":[{"start":{"line":46,"column":68},"end":{"line":46,"column":89}}]},"17":{"type":"branch","line":46,"loc":{"start":{"line":46,"column":91},"end":{"line":46,"column":137}},"locations":[{"start":{"line":46,"column":91},"end":{"line":46,"column":137}}]},"18":{"type":"branch","line":47,"loc":{"start":{"line":47,"column":20},"end":{"line":47,"column":33}},"locations":[{"start":{"line":47,"column":20},"end":{"line":47,"column":33}}]},"19":{"type":"branch","line":47,"loc":{"start":{"line":47,"column":33},"end":{"line":47,"column":57}},"locations":[{"start":{"line":47,"column":33},"end":{"line":47,"column":57}}]},"20":{"type":"branch","line":47,"loc":{"start":{"line":47,"column":59},"end":{"line":47,"column":108}},"locations":[{"start":{"line":47,"column":59},"end":{"line":47,"column":108}}]},"21":{"type":"branch","line":49,"loc":{"start":{"line":49,"column":17},"end":{"line":49,"column":47}},"locations":[{"start":{"line":49,"column":17},"end":{"line":49,"column":47}}]},"22":{"type":"branch","line":49,"loc":{"start":{"line":49,"column":49},"end":{"line":49,"column":83}},"locations":[{"start":{"line":49,"column":49},"end":{"line":49,"column":83}}]},"23":{"type":"branch","line":55,"loc":{"start":{"line":55,"column":14},"end":{"line":57,"column":5}},"locations":[{"start":{"line":55,"column":14},"end":{"line":57,"column":5}}]},"24":{"type":"branch","line":59,"loc":{"start":{"line":59,"column":14},"end":{"line":63,"column":5}},"locations":[{"start":{"line":59,"column":14},"end":{"line":63,"column":5}}]},"25":{"type":"branch","line":60,"loc":{"start":{"line":60,"column":23},"end":{"line":60,"column":48}},"locations":[{"start":{"line":60,"column":23},"end":{"line":60,"column":48}}]},"26":{"type":"branch","line":60,"loc":{"start":{"line":60,"column":50},"end":{"line":62,"column":9}},"locations":[{"start":{"line":60,"column":50},"end":{"line":62,"column":9}}]},"27":{"type":"branch","line":65,"loc":{"start":{"line":65,"column":14},"end":{"line":69,"column":5}},"locations":[{"start":{"line":65,"column":14},"end":{"line":69,"column":5}}]},"28":{"type":"branch","line":66,"loc":{"start":{"line":66,"column":19},"end":{"line":68,"column":9}},"locations":[{"start":{"line":66,"column":19},"end":{"line":68,"column":9}}]},"29":{"type":"branch","line":80,"loc":{"start":{"line":80,"column":30},"end":{"line":80,"column":73}},"locations":[{"start":{"line":80,"column":30},"end":{"line":80,"column":73}}]}},"b":{"0":[15],"1":[0],"2":[2],"3":[3],"4":[0],"5":[0],"6":[3],"7":[0],"8":[0],"9":[12],"10":[0],"11":[12],"12":[0],"13":[0],"14":[0],"15":[0],"16":[0],"17":[0],"18":[0],"19":[0],"20":[0],"21":[0],"22":[0],"23":[15],"24":[3],"25":[0],"26":[0],"27":[3],"28":[0],"29":[12]},"fnMap":{"0":{"name":"JSTextField","decl":{"start":{"line":9,"column":42},"end":{"line":101,"column":1}},"loc":{"start":{"line":9,"column":42},"end":{"line":101,"column":1}},"line":9},"1":{"name":"touch","decl":{"start":{"line":33,"column":18},"end":{"line":35,"column":5}},"loc":{"start":{"line":33,"column":18},"end":{"line":35,"column":5}},"line":33},"2":{"name":"onChangeWithValidate","decl":{"start":{"line":37,"column":33},"end":{"line":53,"column":5}},"loc":{"start":{"line":37,"column":33},"end":{"line":53,"column":5}},"line":37},"3":{"name":"onChange","decl":{"start":{"line":80,"column":30},"end":{"line":80,"column":73}},"loc":{"start":{"line":80,"column":30},"end":{"line":80,"column":73}},"line":80}},"f":{"0":15,"1":0,"2":12,"3":12}}
}
