TN:
SF:src/components/Button/Button.tsx
FN:15,Object.<anonymous>.Button.size.size
FN:16,Object.<anonymous>.Button.size.size
FN:17,Object.<anonymous>.Button.size.size
FN:18,Object.<anonymous>.Button.size.size
FN:20,Object.<anonymous>.Button.size.size
FN:28,Button
FNF:6
FNH:6
FNDA:1,Object.<anonymous>.Button.size.size
FNDA:1,Object.<anonymous>.Button.size.size
FNDA:1,Object.<anonymous>.Button.size.size
FNDA:1,Object.<anonymous>.Button.size.size
FNDA:1,Object.<anonymous>.Button.size.size
FNDA:1,Button
DA:1,1
DA:2,1
DA:3,1
DA:4,1
DA:5,1
DA:6,1
DA:7,1
DA:8,1
DA:9,1
DA:10,1
DA:11,1
DA:12,1
DA:13,1
DA:14,1
DA:15,1
DA:16,1
DA:17,1
DA:18,1
DA:19,1
DA:20,1
DA:21,1
DA:22,1
DA:23,1
DA:24,1
DA:25,1
DA:26,1
DA:27,1
DA:28,1
DA:29,1
DA:30,1
DA:31,1
DA:32,1
DA:33,1
DA:34,1
DA:35,1
DA:36,1
LF:36
LH:36
BRDA:15,0,0,1
BRDA:15,1,0,0
BRDA:15,2,0,0
BRDA:16,3,0,1
BRDA:16,4,0,0
BRDA:17,5,0,1
BRDA:17,6,0,0
BRDA:18,7,0,1
BRDA:18,8,0,0
BRDA:20,9,0,1
BRDA:20,10,0,0
BRDA:24,11,0,1
BRDA:24,12,0,0
BRDA:24,13,0,0
BRDA:28,14,0,1
BRF:15
BRH:7
end_of_record
TN:
SF:src/components/Input/Input.tsx
FN:33,Input
FNF:1
FNH:1
FNDA:2,Input
DA:1,1
DA:2,1
DA:3,1
DA:4,1
DA:5,1
DA:6,1
DA:7,1
DA:8,1
DA:9,1
DA:10,1
DA:11,1
DA:12,1
DA:13,1
DA:14,1
DA:15,1
DA:16,1
DA:17,1
DA:18,1
DA:19,1
DA:20,1
DA:21,1
DA:22,1
DA:23,1
DA:24,1
DA:25,1
DA:26,1
DA:27,1
DA:28,1
DA:29,1
DA:30,1
DA:31,1
DA:32,1
DA:33,1
DA:34,2
DA:35,2
DA:36,2
DA:37,2
DA:38,2
DA:39,2
DA:40,2
DA:41,2
DA:42,1
DA:43,1
LF:43
LH:43
BRDA:9,0,0,2
BRDA:9,1,0,0
BRDA:9,2,0,0
BRDA:9,3,0,0
BRDA:18,4,0,2
BRDA:18,5,0,0
BRDA:30,6,0,4
BRDA:30,7,0,0
BRDA:30,8,0,0
BRDA:33,9,0,2
BRF:10
BRH:4
end_of_record
TN:
SF:src/components/JSTextField/JSTextField.tsx
FN:9,JSTextField
FN:33,touch
FN:37,onChangeWithValidate
FN:80,onChange
FNF:4
FNH:3
FNDA:15,JSTextField
FNDA:0,touch
FNDA:12,onChangeWithValidate
FNDA:12,onChange
DA:1,1
DA:2,1
DA:3,1
DA:4,1
DA:5,1
DA:6,1
DA:7,1
DA:8,1
DA:9,1
DA:10,15
DA:11,15
DA:12,15
DA:13,15
DA:14,15
DA:15,15
DA:16,15
DA:17,15
DA:18,15
DA:19,15
DA:20,15
DA:21,15
DA:22,15
DA:23,15
DA:24,15
DA:25,15
DA:26,15
DA:27,15
DA:28,15
DA:29,15
DA:30,15
DA:31,15
DA:32,15
DA:33,15
DA:34,0
DA:35,0
DA:36,15
DA:37,15
DA:38,12
DA:39,12
DA:40,12
DA:41,0
DA:42,0
DA:43,12
DA:44,12
DA:45,12
DA:46,12
DA:47,12
DA:48,12
DA:49,12
DA:50,12
DA:51,12
DA:52,12
DA:53,12
DA:54,15
DA:55,15
DA:56,15
DA:57,15
DA:58,15
DA:59,15
DA:60,3
DA:61,0
DA:62,0
DA:63,15
DA:64,15
DA:65,15
DA:66,3
DA:67,0
DA:68,0
DA:69,15
DA:70,15
DA:71,15
DA:72,15
DA:73,15
DA:74,2
DA:75,15
DA:76,15
DA:77,15
DA:78,15
DA:79,15
DA:80,15
DA:81,15
DA:82,15
DA:83,15
DA:84,15
DA:85,15
DA:86,0
DA:87,0
DA:88,15
DA:89,15
DA:90,15
DA:91,15
DA:92,0
DA:93,0
DA:94,15
DA:95,15
DA:96,15
DA:97,15
DA:98,15
DA:99,15
DA:100,15
DA:101,15
DA:102,1
DA:103,1
DA:104,1
DA:105,1
DA:106,1
DA:107,1
DA:108,1
DA:109,1
DA:110,1
DA:111,1
DA:112,1
DA:113,1
DA:114,1
DA:115,1
LF:115
LH:103
BRDA:9,0,0,15
BRDA:71,1,0,0
BRDA:73,2,0,2
BRDA:79,3,0,3
BRDA:85,4,0,0
BRDA:91,5,0,0
BRDA:98,6,0,3
BRDA:98,7,0,0
BRDA:98,8,0,0
BRDA:99,9,0,12
BRDA:99,10,0,0
BRDA:37,11,0,12
BRDA:39,12,0,0
BRDA:40,13,0,0
BRDA:46,14,0,0
BRDA:46,15,0,0
BRDA:46,16,0,0
BRDA:46,17,0,0
BRDA:47,18,0,0
BRDA:47,19,0,0
BRDA:47,20,0,0
BRDA:49,21,0,0
BRDA:49,22,0,0
BRDA:55,23,0,15
BRDA:59,24,0,3
BRDA:60,25,0,0
BRDA:60,26,0,0
BRDA:65,27,0,3
BRDA:66,28,0,0
BRDA:80,29,0,12
BRF:30
BRH:10
end_of_record
